{"contracts/ERC20Token.sol":{"l":{"32":51,"33":50,"35":49,"37":49,"41":4,"42":3,"44":2,"46":2,"52":6,"57":2},"path":"/Users/abhi3700/F/coding/github_repos/evm_boilerplate/contracts/ERC20Token.sol","s":{"1":51,"2":50,"3":49,"4":49,"5":4,"6":3,"7":2,"8":2,"9":6,"10":2},"b":{"1":[50,1],"2":[3,1]},"f":{"1":48,"2":51,"3":4,"4":6,"5":2},"fnMap":{"1":{"name":"constructor","line":28,"loc":{"start":{"line":26,"column":4},"end":{"line":28,"column":23}}},"2":{"name":"mint","line":31,"loc":{"start":{"line":31,"column":4},"end":{"line":38,"column":4}}},"3":{"name":"burn","line":40,"loc":{"start":{"line":40,"column":4},"end":{"line":47,"column":4}}},"4":{"name":"pause","line":51,"loc":{"start":{"line":51,"column":4},"end":{"line":53,"column":4}}},"5":{"name":"unpause","line":56,"loc":{"start":{"line":56,"column":4},"end":{"line":58,"column":4}}}},"statementMap":{"1":{"start":{"line":32,"column":8},"end":{"line":32,"column":54}},"2":{"start":{"line":33,"column":8},"end":{"line":33,"column":31}},"3":{"start":{"line":35,"column":8},"end":{"line":35,"column":43}},"4":{"start":{"line":37,"column":8},"end":{"line":37,"column":19}},"5":{"start":{"line":41,"column":8},"end":{"line":41,"column":54}},"6":{"start":{"line":42,"column":8},"end":{"line":42,"column":31}},"7":{"start":{"line":44,"column":8},"end":{"line":44,"column":42}},"8":{"start":{"line":46,"column":8},"end":{"line":46,"column":19}},"9":{"start":{"line":52,"column":8},"end":{"line":52,"column":15}},"10":{"start":{"line":57,"column":8},"end":{"line":57,"column":17}}},"branchMap":{"1":{"line":32,"type":"if","locations":[{"start":{"line":32,"column":8},"end":{"line":32,"column":8}},{"start":{"line":32,"column":8},"end":{"line":32,"column":8}}]},"2":{"line":41,"type":"if","locations":[{"start":{"line":41,"column":8},"end":{"line":41,"column":8}},{"start":{"line":41,"column":8},"end":{"line":41,"column":8}}]}}}}